INFO:root:Completed for daily discussion October 19 2019 with GME YOLO beard bet update. In short (pun intended), hedgies r out of luck, markets r fuk, GME will go BRRRR, and I’m doubling down on my bet with my “L'Oreal shampoo commercial”-like hair
INFO:root:Completed for daily discussion October 20 2019 with GME YOLO beard bet update. In short (pun intended), hedgies r out of luck, markets r fuk, GME will go BRRRR, and I’m doubling down on my bet with my “L'Oreal shampoo commercial”-like hair
INFO:root:Completed for daily discussion October 21 2019 with Daily Discussion Thread - October 21, 2019
INFO:root:Completed for daily discussion October 22 2019 with Daily Discussion Thread - October 22, 2019
INFO:root:Completed for daily discussion October 23 2019 with Daily Discussion Thread - October 23, 2019
INFO:root:Completed for daily discussion October 24 2019 with Daily Discussion Thread - October 24, 2019
INFO:root:Completed for daily discussion October 25 2019 with Daily Discussion Thread - October 25, 2019
INFO:root:Completed for daily discussion October 26 2019 with Wall Street Week Ahead for the trading week beginning April 13th, 2020
INFO:root:Completed for daily discussion October 27 2019 with Have Lucid Group (LCID) & PIF fallen prey to what Saudis wanted to save Elon Musk from? Shedding lights on Morgan Stanley’s Adam Jonas “Tale of the two companies”
INFO:root:Completed for daily discussion October 28 2019 with Daily Discussion Thread - October 28, 2019
INFO:root:Completed for daily discussion October 29 2019 with Daily Discussion Thread - October 29, 2019
INFO:root:Completed for daily discussion October 30 2019 with Daily Discussion Thread - October 30, 2019
INFO:root:Completed for daily discussion October 31 2019 with Daily Discussion Thread - October 31, 2019
INFO:root:Completed for daily discussion November 01 2019 with Daily Discussion Thread - November 01, 2019
INFO:root:Completed for daily discussion November 02 2019 with Wall Street Week Ahead for the trading week beginning October 7th, 2019
INFO:root:Completed for daily discussion November 03 2019 with Wall Street Week Ahead for the trading week beginning April 13th, 2020
INFO:root:Completed for daily discussion November 04 2019 with Daily Discussion Thread - November 04, 2019
INFO:root:Completed for daily discussion November 05 2019 with Daily Discussion Thread - November 05, 2019
INFO:root:Completed for daily discussion November 06 2019 with Daily Discussion Thread - November 06, 2019
INFO:root:Completed for daily discussion November 07 2019 with Daily Discussion Thread - November 07, 2019
INFO:root:Completed for daily discussion November 08 2019 with Daily Discussion Thread - November 08, 2019
INFO:root:Completed for daily discussion November 09 2019 with Have Lucid Group (LCID) & PIF fallen prey to what Saudis wanted to save Elon Musk from? Shedding lights on Morgan Stanley’s Adam Jonas “Tale of the two companies”
INFO:root:Completed for daily discussion November 10 2019 with Have Lucid Group (LCID) & PIF fallen prey to what Saudis wanted to save Elon Musk from? Shedding lights on Morgan Stanley’s Adam Jonas “Tale of the two companies”
INFO:root:Completed for daily discussion November 11 2019 with Daily Discussion Thread - November 11, 2019
INFO:root:Completed for daily discussion November 12 2019 with Daily Discussion Thread - November 12, 2019
INFO:root:Completed for daily discussion November 13 2019 with Daily Discussion Thread - November 13, 2019
INFO:root:Completed for daily discussion November 14 2019 with Daily Discussion Thread - November 14, 2019
INFO:root:Completed for daily discussion November 15 2019 with Daily Discussion Thread - November 15, 2019
INFO:root:Completed for daily discussion November 16 2019 with Have Lucid Group (LCID) & PIF fallen prey to what Saudis wanted to save Elon Musk from? Shedding lights on Morgan Stanley’s Adam Jonas “Tale of the two companies”
INFO:root:Completed for daily discussion November 17 2019 with Have Lucid Group (LCID) & PIF fallen prey to what Saudis wanted to save Elon Musk from? Shedding lights on Morgan Stanley’s Adam Jonas “Tale of the two companies”
INFO:root:Completed for daily discussion November 18 2019 with Daily Discussion Thread - November 18, 2019
INFO:root:Completed for daily discussion November 19 2019 with Daily Discussion Thread - November 19, 2019
INFO:root:Completed for daily discussion November 20 2019 with Daily Discussion Thread - November 20, 2019
INFO:root:Completed for daily discussion November 21 2019 with Daily Discussion Thread - November 21, 2019
INFO:root:Completed for daily discussion November 22 2019 with Daily Discussion Thread - November 22, 2019
INFO:root:Completed for daily discussion November 23 2019 with Have Lucid Group (LCID) & PIF fallen prey to what Saudis wanted to save Elon Musk from? Shedding lights on Morgan Stanley’s Adam Jonas “Tale of the two companies”
INFO:root:Completed for daily discussion November 24 2019 with IlLUMNated? Who Wins and Loses When Autists, Christian Bale and Tendies Collide?
INFO:root:Completed for daily discussion November 25 2019 with Daily Discussion Thread - November 25, 2019
INFO:root:Completed for daily discussion November 26 2019 with Daily Discussion Thread - November 26, 2019
INFO:root:Completed for daily discussion November 27 2019 with Daily Discussion Thread - November 27, 2019
INFO:root:Completed for daily discussion November 28 2019 with Daily Discussion Thread - November 28, 2019
INFO:root:Completed for daily discussion November 29 2019 with Daily Discussion Thread - November 29, 2019
INFO:root:Completed for daily discussion November 30 2019 with Have Lucid Group (LCID) & PIF fallen prey to what Saudis wanted to save Elon Musk from? Shedding lights on Morgan Stanley’s Adam Jonas “Tale of the two companies”
INFO:root:Completed for daily discussion December 01 2019 with Today's Pre-Market Movers & News [Thursday, January 14th, 2021]
INFO:root:Completed for daily discussion December 02 2019 with Daily Discussion Thread - December 02, 2019
INFO:root:Completed for daily discussion December 03 2019 with Daily Discussion Thread - December 03, 2019
INFO:root:Completed for daily discussion December 04 2019 with Daily Discussion Thread - December 04, 2019
INFO:root:Completed for daily discussion December 05 2019 with Daily Discussion Thread - December 05, 2019
INFO:root:Completed for daily discussion December 06 2019 with Daily Discussion Thread - December 06, 2019
INFO:root:Completed for daily discussion December 07 2019 with IlLUMNated? Who Wins and Loses When Autists, Christian Bale and Tendies Collide?
INFO:root:Completed for daily discussion December 08 2019 with IlLUMNated? Who Wins and Loses When Autists, Christian Bale and Tendies Collide?
INFO:root:Completed for daily discussion December 09 2019 with Daily Discussion Thread - December 09, 2019
INFO:root:Completed for daily discussion December 10 2019 with Daily Discussion Thread - December 10, 2019
INFO:root:Completed for daily discussion December 11 2019 with Daily Discussion Thread - December 11, 2019
INFO:root:Completed for daily discussion December 12 2019 with Daily Discussion Thread - December 12, 2019
INFO:root:Completed for daily discussion December 13 2019 with Daily Discussion Thread - December 13, 2019
INFO:root:Completed for daily discussion December 14 2019 with My Update on UWMC: The Equivalent of Counting Cards at the Blackjack Table Baby, or Why are ya'll tripping on this fine Stock?
INFO:root:Completed for daily discussion December 15 2019 with My Update on UWMC: The Equivalent of Counting Cards at the Blackjack Table Baby, or Why are ya'll tripping on this fine Stock?
INFO:root:Completed for daily discussion December 16 2019 with Daily Discussion Thread - December 16, 2019
INFO:root:Completed for daily discussion December 17 2019 with Daily Discussion Thread - December 17, 2019
